$ next build && sh scripts/bundle_standalone.sh
▲ Next.js 16.2.0 (Turbopack)

  Creating an optimized production build ...
Turbopack build encountered 1 warnings:
./next.config.ts
Encountered unexpected file in NFT list
A file was traced that indicates that the whole project was traced unintentionally. Somewhere in the import trace below, there are:
- filesystem operations (like path.join, path.resolve or fs.readFile), or
- very dynamic requires (like require('./' + foo)).
To resolve this, you can
- remove them if possible, or
- only use them in development, or
- make sure they are statically scoped to some subfolder: path.join(process.cwd(), 'data', bar), or
- add ignore comments: path.join(/*turbopackIgnore: true*/ process.cwd(), bar)

Import trace:
  App Route:
    ./next.config.ts
    ./src/app/api/academy/generate/route.ts


✓ Compiled successfully in 22.2s
  Running TypeScript ...
Failed to type check.

./src/components/views/terminal/views/ipv/MatchingAuditView.tsx:333:30
Type error: 'log.reglas_activas' is possibly 'undefined'.

  [90m331 |[0m                         <p className=[32m"text-[9px] font-black uppercase text-muted-foregrou...[0m
  [90m332 |[0m                         <div className=[32m"flex flex-wrap gap-1"[0m>
[31m[1m>[0m [90m333 |[0m                             {log.reglas_activas.map(r => (
  [90m    |[0m                              [31m[1m^[0m
  [90m334 |[0m                                 <span key={r} className={[32m`px-1 rounded text-[9px] [0m${log.a...
  [90m335 |[0m                                     {r}
  [90m336 |[0m                                 </span>
Next.js build worker exited with code: 1 and signal: null
error: script "build" exited with code 1
