$ next build && mkdir -p .next/standalone/.next/static && cp -r .next/static/* .next/standalone/.next/static && mkdir -p .next/standalone/public && cp -r public/* .next/standalone/public && mkdir -p .next/standalone/knowledge && cp -r knowledge/* .next/standalone/knowledge
Attention: Next.js now collects completely anonymous telemetry regarding usage.
This information is used to shape Next.js' roadmap and prioritize features.
You can learn more, including how to opt-out if you'd not like to participate in this anonymous program, by visiting the following URL:
https://nextjs.org/telemetry

▲ Next.js 16.2.0 (Turbopack)

  Creating an optimized production build ...
Turbopack build encountered 1 warnings:
./next.config.ts
Encountered unexpected file in NFT list
A file was traced that indicates that the whole project was traced unintentionally. Somewhere in the import trace below, there are:
- filesystem operations (like path.join, path.resolve or fs.readFile), or
- very dynamic requires (like require('./' + foo)).
To resolve this, you can
- remove them if possible, or
- only use them in development, or
- make sure they are statically scoped to some subfolder: path.join(process.cwd(), 'data', bar), or
- add ignore comments: path.join(/*turbopackIgnore: true*/ process.cwd(), bar)

Import trace:
  App Route:
    ./next.config.ts
    ./src/app/api/academy/generate/route.ts


✓ Compiled successfully in 31.4s
  Running TypeScript ...
  Finished TypeScript in 33.7s ...
  Collecting page data using 3 workers ...
Supabase environment variables are missing. Ensure NEXT_PUBLIC_SUPABASE_URL and NEXT_PUBLIC_SUPABASE_ANON_KEY are set in your environment.
Supabase environment variables are missing. Ensure NEXT_PUBLIC_SUPABASE_URL and NEXT_PUBLIC_SUPABASE_ANON_KEY are set in your environment.
  Generating static pages using 3 workers (0/32) ...
  Generating static pages using 3 workers (8/32)
Supabase environment variables are missing. Ensure NEXT_PUBLIC_SUPABASE_URL and NEXT_PUBLIC_SUPABASE_ANON_KEY are set in your environment.
Supabase environment variables are missing. Ensure NEXT_PUBLIC_SUPABASE_URL and NEXT_PUBLIC_SUPABASE_ANON_KEY are set in your environment.
  Generating static pages using 3 workers (16/32)
  Generating static pages using 3 workers (24/32)
✓ Generating static pages using 3 workers (32/32) in 1122ms
  Finalizing page optimization ...

Route (app)
┌ ○ /
├ ○ /_not-found
├ ƒ /api
├ ƒ /api/academy/generate
├ ƒ /api/academy/review
├ ƒ /api/academy/review/[cardId]
├ ƒ /api/bot/chat
├ ƒ /api/cost-sheets/ai/chat
├ ƒ /api/cost-sheets/calculate
├ ƒ /api/cost-sheets/export-pdf
├ ƒ /api/cost-sheets/import-anexo
├ ƒ /api/cost-sheets/import-json
├ ƒ /api/cost-sheets/save
├ ƒ /api/inventory
├ ƒ /api/inventory/[productId]/history
├ ƒ /api/inventory/adjust
├ ƒ /api/inventory/adjustments
├ ƒ /api/inventory/products
├ ƒ /api/logs
├ ƒ /api/reports/generate
├ ƒ /api/rss
├ ƒ /api/sync/batch
├ ƒ /api/system-health
├ ƒ /api/system-health/knowledge
├ ƒ /api/users/delete
├ ƒ /api/users/managed-create
├ ƒ /api/users/reset-password
├ ƒ /api/users/toggle-status
├ ○ /cashier/close-session
├ ○ /cost-sheets
├ ○ /demo/calculate
├ ○ /demo/executive
├ ○ /login
├ ○ /system/health
├ ○ /verify-dashboard
└ ○ /wiki


○  (Static)   prerendered as static content
ƒ  (Dynamic)  server-rendered on demand
