
> nextjs_tailwind_shadcn_ts@5.8.8 build
> next build && sh scripts/bundle_standalone.sh

▲ Next.js 16.2.2 (Turbopack)

  Creating an optimized production build ...
Turbopack build encountered 1 warnings:
./next.config.ts
Encountered unexpected file in NFT list
A file was traced that indicates that the whole project was traced unintentionally. Somewhere in the import trace below, there are:
- filesystem operations (like path.join, path.resolve or fs.readFile), or
- very dynamic requires (like require('./' + foo)).
To resolve this, you can
- remove them if possible, or
- only use them in development, or
- make sure they are statically scoped to some subfolder: path.join(process.cwd(), 'data', bar), or
- add ignore comments: path.join(/*turbopackIgnore: true*/ process.cwd(), bar)

Import trace:
  App Route:
    ./next.config.ts
    ./src/app/api/academy/generate/route.ts


✓ Compiled successfully in 33.7s
  Running TypeScript ...
Failed to type check.

./src/components/views/terminal/views/ipv/MatchingRulesEditor.tsx:632:36
Type error: Cannot find name 'setIsResetModalOpen'.

  [90m630 |[0m                     variant=[32m"destructive"[0m
  [90m631 |[0m                     size=[32m"sm"[0m
[31m[1m>[0m [90m632 |[0m                     onClick={() => setIsResetModalOpen([36mtrue[0m)}
  [90m    |[0m                                    [31m[1m^[0m
  [90m633 |[0m                     className=[32m"neu-btn text-[10px] font-black uppercase flex items-center...[0m
  [90m634 |[0m                 >
  [90m635 |[0m                     <[33mRefreshCcw[0m className=[32m"w-3 h-3"[0m />
Next.js build worker exited with code: 1 and signal: null
