$ bun x prisma generate && next build && sh scripts/bundle_standalone.sh
Prisma schema loaded from prisma/schema.prisma

✔ Generated Prisma Client (4.16.2 | library) to ./node_modules/@prisma/client in 619ms
You can now start using Prisma Client in your code. Reference: https://pris.ly/d/client
```
import { PrismaClient } from '@prisma/client'
const prisma = new PrismaClient()
```
▲ Next.js 16.2.0 (Turbopack)

  Creating an optimized production build ...
✓ Compiled successfully in 35.1s
  Running TypeScript ...
  Finished TypeScript in 37.2s ...
  Collecting page data using 3 workers ...
Supabase environment variables are missing. Ensure NEXT_PUBLIC_SUPABASE_URL and NEXT_PUBLIC_SUPABASE_ANON_KEY are set in your environment.
Supabase environment variables are missing. Ensure NEXT_PUBLIC_SUPABASE_URL and NEXT_PUBLIC_SUPABASE_ANON_KEY are set in your environment.
Supabase environment variables are missing. Ensure NEXT_PUBLIC_SUPABASE_URL and NEXT_PUBLIC_SUPABASE_ANON_KEY are set in your environment.
  Generating static pages using 3 workers (0/29) ...
  Generating static pages using 3 workers (7/29)
Supabase environment variables are missing. Ensure NEXT_PUBLIC_SUPABASE_URL and NEXT_PUBLIC_SUPABASE_ANON_KEY are set in your environment.
Supabase environment variables are missing. Ensure NEXT_PUBLIC_SUPABASE_URL and NEXT_PUBLIC_SUPABASE_ANON_KEY are set in your environment.
  Generating static pages using 3 workers (14/29)
  Generating static pages using 3 workers (21/29)
✓ Generating static pages using 3 workers (29/29) in 761ms
  Finalizing page optimization ...

Route (app)
┌ ○ /
├ ○ /_not-found
├ ƒ /api/academy/generate
├ ƒ /api/academy/review
├ ƒ /api/academy/review/[cardId]
├ ƒ /api/bot/chat
├ ƒ /api/cost-sheets/ai/chat
├ ƒ /api/cost-sheets/calculate
├ ƒ /api/cost-sheets/export-pdf
├ ƒ /api/cost-sheets/import-anexo
├ ƒ /api/cost-sheets/import-json
├ ƒ /api/cost-sheets/save
├ ƒ /api/help-docs
├ ƒ /api/intelligence
├ ƒ /api/inventory
├ ƒ /api/inventory/[productId]/history
├ ƒ /api/inventory/adjust
├ ƒ /api/inventory/adjustments
├ ƒ /api/inventory/products
├ ƒ /api/logs
├ ƒ /api/reports/generate
├ ƒ /api/rss
├ ƒ /api/sync/batch
├ ƒ /api/system-health
├ ƒ /api/system-health/knowledge
├ ƒ /api/users/delete
├ ƒ /api/users/managed-create
├ ƒ /api/users/reset-password
├ ƒ /api/users/toggle-status
├ ○ /cashier/close-session
├ ○ /cost-sheets
├ ○ /demo/calculate
├ ○ /demo/executive
├ ○ /login
├ ○ /system/health
├ ○ /verify-dashboard
└ ○ /wiki


○  (Static)   prerendered as static content
ƒ  (Dynamic)  server-rendered on demand

Bundling standalone build...
Copying .next/static...
Copying public...
Copying knowledge...
Copying docs...
Bundling complete.
