$ bun x prisma generate && next build && sh scripts/bundle_standalone.sh
Prisma schema loaded from prisma/schema.prisma

✔ Generated Prisma Client (4.16.2 | library) to ./node_modules/@prisma/client in 380ms
You can now start using Prisma Client in your code. Reference: https://pris.ly/d/client
```
import { PrismaClient } from '@prisma/client'
const prisma = new PrismaClient()
```
┌─────────────────────────────────────────────────────────┐
│  Update available 4.16.2 -> 7.5.0                       │
│                                                         │
│  This is a major update - please follow the guide at    │
│  https://pris.ly/d/major-version-upgrade                │
│                                                         │
│  Run the following to update                            │
│    npm i --save-dev prisma@latest                       │
│    npm i @prisma/client@latest                          │
└─────────────────────────────────────────────────────────┘
▲ Next.js 16.2.0 (Turbopack)

  Creating an optimized production build ...
Turbopack build encountered 1 warnings:
./next.config.ts
Encountered unexpected file in NFT list
A file was traced that indicates that the whole project was traced unintentionally. Somewhere in the import trace below, there are:
- filesystem operations (like path.join, path.resolve or fs.readFile), or
- very dynamic requires (like require('./' + foo)).
To resolve this, you can
- remove them if possible, or
- only use them in development, or
- make sure they are statically scoped to some subfolder: path.join(process.cwd(), 'data', bar), or
- add ignore comments: path.join(/*turbopackIgnore: true*/ process.cwd(), bar)

Import trace:
  App Route:
    ./next.config.ts
    ./src/app/api/academy/generate/route.ts


✓ Compiled successfully in 32.4s
  Running TypeScript ...
Failed to type check.

./src/components/views/terminal/views/pick3/Pick3IntelligenceView.tsx:70:49
Type error: Property 'syncOfficialResults' does not exist on type 'typeof Pick3ExternalService'.

  [90m68 |[0m     setIsSyncing([36mtrue[0m);
  [90m69 |[0m     [36mtry[0m {
[31m[1m>[0m [90m70 |[0m       [36mconst[0m latest = [36mawait[0m [33mPick3ExternalService[0m.syncOfficialResults();
  [90m   |[0m                                                 [31m[1m^[0m
  [90m71 |[0m       [36mif[0m (latest && latest.length > [35m0[0m) {
  [90m72 |[0m         setHistory(latest);
  [90m73 |[0m         toast.success([32m"Sincronización exitosa"[0m);
Next.js build worker exited with code: 1 and signal: null
error: script "build" exited with code 1
