$ next build && sh scripts/bundle_standalone.sh
▲ Next.js 16.2.0 (Turbopack)

  Creating an optimized production build ...
Turbopack build encountered 1 warnings:
./next.config.ts
Encountered unexpected file in NFT list
A file was traced that indicates that the whole project was traced unintentionally. Somewhere in the import trace below, there are:
- filesystem operations (like path.join, path.resolve or fs.readFile), or
- very dynamic requires (like require('./' + foo)).
To resolve this, you can
- remove them if possible, or
- only use them in development, or
- make sure they are statically scoped to some subfolder: path.join(process.cwd(), 'data', bar), or
- add ignore comments: path.join(/*turbopackIgnore: true*/ process.cwd(), bar)

Import trace:
  App Route:
    ./next.config.ts
    ./src/app/api/academy/generate/route.ts


✓ Compiled successfully in 24.8s
  Running TypeScript ...
Failed to type check.

./src/components/views/terminal/views/ipv/MatchingSimulation.tsx:39:70
Type error: Cannot find name 'useSimulationConfig'.

  [90m37 |[0m
  [90m38 |[0m [36mexport[0m [36mfunction[0m [33mMatchingSimulation[0m({ products, rules }: [33mMatchingSimulationProps[0m) {
[31m[1m>[0m [90m39 |[0m   [36mconst[0m { simulatedAmount: target, setSimulatedAmount: setTarget } = useSimulationConfig();
  [90m   |[0m                                                                      [31m[1m^[0m
  [90m40 |[0m   [36mconst[0m [isSimulating, setIsSimulating] = useState([36mfalse[0m);
  [90m41 |[0m   [36mconst[0m [result, setResult] = useState<[33mMatchingResult[0m | [36mnull[0m>([36mnull[0m);
  [90m42 |[0m   [36mconst[0m [globalTarget, setGlobalTarget] = useState<number>([35m0[0m);
Next.js build worker exited with code: 1 and signal: null
error: script "build" exited with code 1
