
> nextjs_tailwind_shadcn_ts@5.7.25 prebuild /app
> prisma generate

Prisma schema loaded from prisma/schema.prisma

✔ Generated Prisma Client (4.16.2 | library) to ./node_modules/.pnpm/@prisma+client@4.16.2_prisma@4.16.2/node_modules/@prisma/client in 220ms
You can now start using Prisma Client in your code. Reference: https://pris.ly/d/client
```
import { PrismaClient } from '@prisma/client'
const prisma = new PrismaClient()
```

> nextjs_tailwind_shadcn_ts@5.7.25 build /app
> next build && cpx ".next/static/**/*" .next/standalone/.next/static && cpx "public/**/*" .next/standalone/public -- --webpack

▲ Next.js 16.1.3 (Turbopack)

  Creating an optimized production build ...
✓ Compiled successfully in 31.3s
  Running TypeScript ...
  Collecting page data using 3 workers ...
Supabase environment variables are missing. Ensure NEXT_PUBLIC_SUPABASE_URL and NEXT_PUBLIC_SUPABASE_ANON_KEY are set in your environment.
Supabase environment variables are missing. Ensure NEXT_PUBLIC_SUPABASE_URL and NEXT_PUBLIC_SUPABASE_ANON_KEY are set in your environment.
Supabase environment variables are missing. Ensure NEXT_PUBLIC_SUPABASE_URL and NEXT_PUBLIC_SUPABASE_ANON_KEY are set in your environment.
  Generating static pages using 3 workers (0/28) ...
RSS API Error: Error: Dynamic server usage: Route /api/rss couldn't be rendered statically because it used `request.headers`. See more info here: https://nextjs.org/docs/messages/dynamic-server-error
    at v (.next/server/chunks/[root-of-the-server]__204470f0._.js:1:143403) {
  description: "Route /api/rss couldn't be rendered statically because it used `request.headers`. See more info here: https://nextjs.org/docs/messages/dynamic-server-error",
  digest: 'DYNAMIC_SERVER_USAGE'
}
  Generating static pages using 3 workers (7/28)
⚠ metadataBase property in metadata export is not set for resolving social open graph or twitter images, using "http://localhost:3000". See https://nextjs.org/docs/app/api-reference/functions/generate-metadata#metadatabase
Supabase environment variables are missing. Ensure NEXT_PUBLIC_SUPABASE_URL and NEXT_PUBLIC_SUPABASE_ANON_KEY are set in your environment.
⚠ metadataBase property in metadata export is not set for resolving social open graph or twitter images, using "http://localhost:3000". See https://nextjs.org/docs/app/api-reference/functions/generate-metadata#metadatabase
  Generating static pages using 3 workers (14/28)
Supabase environment variables are missing. Ensure NEXT_PUBLIC_SUPABASE_URL and NEXT_PUBLIC_SUPABASE_ANON_KEY are set in your environment.
  Generating static pages using 3 workers (21/28)
✓ Generating static pages using 3 workers (28/28) in 679.6ms
  Finalizing page optimization ...

Route (app)
┌ ○ /
├ ○ /_not-found
├ ƒ /api
├ ƒ /api/academy/generate
├ ƒ /api/academy/review
├ ƒ /api/academy/review/[cardId]
├ ƒ /api/bot/chat
├ ƒ /api/cost-sheets/calculate
├ ƒ /api/cost-sheets/export-pdf
├ ƒ /api/cost-sheets/import-anexo
├ ƒ /api/cost-sheets/import-json
├ ƒ /api/inventory
├ ƒ /api/inventory/[productId]/history
├ ƒ /api/inventory/adjust
├ ƒ /api/inventory/adjustments
├ ƒ /api/inventory/products
├ ƒ /api/logs
├ ƒ /api/reports/generate
├ ƒ /api/rss
├ ƒ /api/sync/batch
├ ƒ /api/users/delete
├ ƒ /api/users/managed-create
├ ƒ /api/users/toggle-status
├ ○ /cashier/close-session
├ ○ /cost-sheets
├ ○ /demo/calculate
├ ○ /demo/executive
├ ○ /login
└ ○ /verify-dashboard


○  (Static)   prerendered as static content
ƒ  (Dynamic)  server-rendered on demand


Usage: cpx <source> <dest> [options]

    Copy files, watching for changes.

        <source>  The glob of target files.
        <dest>    The path of a destination directory.

Options:

    -c, --command <command>   A command text to transform each file.
    -C, --clean               Clean files that matches <source> like pattern in
                              <dest> directory before the first copying.
    -L, --dereference         Follow symbolic links when copying from them.
    -h, --help                Print usage information.
    --include-empty-dirs      The flag to copy empty directories which is
                              matched with the glob.
    --no-initial              The flag to not copy at the initial time of watch.
                              Use together '--watch' option.
    -p, --preserve            The flag to copy attributes of files.
                              This attributes are uid, gid, atime, and mtime.
    -t, --transform <name>    A module name to transform each file. cpx lookups
                                the specified name via "require()".
    -u, --update              The flag to not overwrite files on destination if
                              the source file is older.
    -v, --verbose             Print copied/removed files.
    -V, --version             Print the version number.
    -w, --watch               Watch for files that matches <source>, and copy
                              the file to <dest> every changing.

Examples:

    cpx "src/**/*.{html,png,jpg}" app
    cpx "src/**/*.css" app --watch --verbose

See Also:
    https://github.com/mysticatea/cpx

 ELIFECYCLE  Command failed with exit code 1.
