
> nextjs_tailwind_shadcn_ts@5.7.25 dev
> next dev -p 3000

▲ Next.js 16.1.6 (Turbopack)
- Local:         http://localhost:3000
- Network:       http://192.168.0.2:3000

✓ Starting...
Attention: Next.js now collects completely anonymous telemetry regarding usage.
This information is used to shape Next.js' roadmap and prioritize features.
You can learn more, including how to opt-out if you'd not like to participate in this anonymous program, by visiting the following URL:
https://nextjs.org/telemetry

✓ Ready in 1439ms
○ Compiling /login ...
⚠ metadataBase property in metadata export is not set for resolving social open graph or twitter images, using "http://localhost:3000". See https://nextjs.org/docs/app/api-reference/functions/generate-metadata#metadatabase
Supabase environment variables are missing. Ensure NEXT_PUBLIC_SUPABASE_URL and NEXT_PUBLIC_SUPABASE_ANON_KEY are set in your environment.
 GET /login 200 in 11.6s (compile: 10.5s, render: 1118ms)
 GET /login 200 in 281ms (compile: 133ms, render: 149ms)
○ Compiling / ...
 GET / 200 in 20.6s (compile: 20.3s, render: 283ms)
 GET /login 200 in 197ms (compile: 141ms, render: 56ms)
 HEAD / 200 in 93ms (compile: 36ms, render: 57ms)
