Lockfile is up to date, resolution step is skipped
Progress: resolved 1, reused 0, downloaded 0, added 0
Packages: +1117
++++++++++++++++++++++++++++++++++++++++++++++++++++++++++++++++++++++++++++++++

   ╭──────────────────────────────────────────╮
   │                                          │
   │   Update available! 10.28.0 → 10.29.3.   │
   │   Changelog: https://pnpm.io/v/10.29.3   │
   │     To update, run: pnpm add -g pnpm     │
   │                                          │
   ╰──────────────────────────────────────────╯

Progress: resolved 1117, reused 0, downloaded 0, added 0
Progress: resolved 1117, reused 0, downloaded 85, added 61
Progress: resolved 1117, reused 0, downloaded 148, added 88
Progress: resolved 1117, reused 0, downloaded 310, added 292
Progress: resolved 1117, reused 0, downloaded 340, added 302
Progress: resolved 1117, reused 0, downloaded 357, added 308
Progress: resolved 1117, reused 0, downloaded 407, added 331
Progress: resolved 1117, reused 0, downloaded 415, added 333
Progress: resolved 1117, reused 0, downloaded 428, added 337
Progress: resolved 1117, reused 0, downloaded 429, added 337
Progress: resolved 1117, reused 0, downloaded 470, added 359
Progress: resolved 1117, reused 0, downloaded 566, added 398
Progress: resolved 1117, reused 0, downloaded 732, added 567
Progress: resolved 1117, reused 0, downloaded 1022, added 1016
Progress: resolved 1117, reused 0, downloaded 1117, added 1117, done

dependencies:
+ @dnd-kit/core 6.3.1
+ @dnd-kit/sortable 10.0.0
+ @dnd-kit/utilities 3.2.2
+ @google/generative-ai 0.24.1
+ @hookform/resolvers 5.2.2
+ @mdxeditor/editor 3.52.3
+ @radix-ui/react-accordion 1.2.12
+ @radix-ui/react-alert-dialog 1.1.15
+ @radix-ui/react-aspect-ratio 1.1.8
+ @radix-ui/react-avatar 1.1.11
+ @radix-ui/react-checkbox 1.3.3
+ @radix-ui/react-collapsible 1.1.12
+ @radix-ui/react-context-menu 2.2.16
+ @radix-ui/react-dialog 1.1.15
+ @radix-ui/react-dropdown-menu 2.1.16
+ @radix-ui/react-hover-card 1.1.15
+ @radix-ui/react-label 2.1.8
+ @radix-ui/react-menubar 1.1.16
+ @radix-ui/react-navigation-menu 1.2.14
+ @radix-ui/react-popover 1.1.15
+ @radix-ui/react-progress 1.1.8
+ @radix-ui/react-radio-group 1.3.8
+ @radix-ui/react-scroll-area 1.2.10
+ @radix-ui/react-select 2.2.6
+ @radix-ui/react-separator 1.1.8
+ @radix-ui/react-slider 1.3.6
+ @radix-ui/react-slot 1.2.4
+ @radix-ui/react-switch 1.2.6
+ @radix-ui/react-tabs 1.1.13
+ @radix-ui/react-toast 1.2.15
+ @radix-ui/react-toggle 1.1.10
+ @radix-ui/react-toggle-group 1.1.11
+ @radix-ui/react-tooltip 1.2.8
+ @react-three/fiber 9.5.0
+ @reactuses/core 6.1.9
+ @supabase/supabase-js 2.90.1
+ @tanstack/react-query 5.90.18
+ @tanstack/react-table 8.21.3
+ @types/papaparse 5.5.2
+ class-variance-authority 0.7.1
+ clsx 2.1.1
+ cmdk 1.1.1
+ date-fns 4.1.0
+ decimal.js 10.6.0
+ dexie 4.3.0
+ dexie-react-hooks 4.2.0
+ embla-carousel-react 8.6.0
+ expr-eval 2.0.2
+ framer-motion 12.26.2
+ html2canvas 1.4.1
+ html5-qrcode 2.3.8
+ immer 11.1.3
+ input-otp 1.4.2
+ jsbarcode 3.12.3
+ jspdf 4.0.0
+ jspdf-autotable 5.0.7
+ jszip 3.10.1
+ localforage 1.10.0
+ lucide-react 0.525.0
+ next 16.1.3
+ next-auth 4.24.13
+ next-intl 4.7.0
+ next-themes 0.4.6
+ papaparse 5.5.3
+ react 19.2.3
+ react-day-picker 9.13.0
+ react-dom 19.2.3
+ react-dropzone 14.4.0
+ react-hook-form 7.71.1
+ react-markdown 10.1.0
+ react-resizable-panels 3.0.6
+ react-syntax-highlighter 15.6.6
+ recharts 2.15.4
+ rss-parser 3.13.0
+ sharp 0.34.5
+ sonner 2.0.7
+ tailwind-merge 3.4.0
+ tailwindcss-animate 1.0.7
+ three 0.182.0
+ uuid 11.1.0
+ vaul 1.1.2
+ workbox-window 7.4.0
+ xlsx 0.18.5
+ z-ai-web-dev-sdk 0.0.15
+ zod 4.3.5
+ zustand 5.0.10

devDependencies:
+ @eslint/eslintrc 3.3.3
+ @netlify/plugin-nextjs 5.15.5
+ @playwright/test 1.57.0
+ @prisma/client 4.16.2
+ @tailwindcss/postcss 4.1.18
+ @testing-library/jest-dom 6.9.1
+ @testing-library/react 16.3.2
+ @types/node 25.2.0
+ @types/react 19.2.8
+ @types/react-dom 19.2.3
+ @types/react-syntax-highlighter 15.5.13
+ @vitejs/plugin-react 5.1.2
+ @vitest/coverage-v8 4.0.17
+ bun-types 1.3.6
+ cpx 1.5.0
+ eslint 9.39.2
+ eslint-config-next 15.3.5
+ jsdom 27.4.0
+ prisma 4.16.2
+ tailwindcss 4.1.18
+ tw-animate-css 1.4.0
+ typescript 5.9.3
+ vitest 4.0.17

╭ Warning ─────────────────────────────────────────────────────────────────────╮
│                                                                              │
│   Ignored build scripts: @parcel/watcher@2.5.4, @prisma/client@4.16.2,       │
│   @prisma/engines@4.16.2, @swc/core@1.15.8, core-js@2.6.12,                  │
│   core-js@3.47.0, es5-ext@0.10.64, esbuild@0.27.2, prisma@4.16.2,            │
│   sharp@0.34.5, unrs-resolver@1.11.1.                                        │
│   Run "pnpm approve-builds" to pick which dependencies should be allowed     │
│   to run scripts.                                                            │
│                                                                              │
╰──────────────────────────────────────────────────────────────────────────────╯
Done in 19s using pnpm v10.28.0
