
> nextjs_tailwind_shadcn_ts@5.7.25 dev
> next dev -p 3000

▲ Next.js 16.1.6 (Turbopack)
- Local:         http://localhost:3000
- Network:       http://192.168.0.2:3000

✓ Starting...
Attention: Next.js now collects completely anonymous telemetry regarding usage.
This information is used to shape Next.js' roadmap and prioritize features.
You can learn more, including how to opt-out if you'd not like to participate in this anonymous program, by visiting the following URL:
https://nextjs.org/telemetry

✓ Ready in 1087ms
○ Compiling /_not-found/page ...
⚠ metadataBase property in metadata export is not set for resolving social open graph or twitter images, using "http://localhost:3000". See https://nextjs.org/docs/app/api-reference/functions/generate-metadata#metadatabase
Supabase environment variables are missing. Ensure NEXT_PUBLIC_SUPABASE_URL and NEXT_PUBLIC_SUPABASE_ANON_KEY are set in your environment.
 GET /demo/health 404 in 5.6s (compile: 4.8s, render: 855ms)
○ Compiling /demo/health ...
⨯ ./src/components/views/terminal/views/health/SystemHealthView.tsx:18:1
Module not found: Can't resolve '@/lib/release-gate/ReleaseGatePdfExporter'
[0m [90m 16 |[39m [36mimport[39m { [33mReleaseGateStatus[39m } [36mfrom[39m [32m'./ReleaseGateStatus'[39m[33m;[39m
 [90m 17 |[39m [36mimport[39m { [33mCostProLoader[39m } [36mfrom[39m [32m'@/components/ui/CostProLoader'[39m[33m;[39m
[31m[1m>[22m[39m[90m 18 |[39m [36mimport[39m { [33mReleaseGatePdfExporter[39m } [36mfrom[39m [32m'@/lib/release-gate/ReleaseGatePdfExporter'[39m[33m;[39m
 [90m    |[39m [31m[1m^[22m[39m[31m[1m^[22m[39m[31m[1m^[22m[39m[31m[1m^[22m[39m[31m[1m^[22m[39m[31m[1m^[22m[39m[31m[1m^[22m[39m[31m[1m^[22m[39m[31m[1m^[22m[39m[31m[1m^[22m[39m[31m[1m^[22m[39m[31m[1m^[22m[39m[31m[1m^[22m[39m[31m[1m^[22m[39m[31m[1m^[22m[39m[31m[1m^[22m[39m[31m[1m^[22m[39m[31m[1m^[22m[39m[31m[1m^[22m[39m[31m[1m^[22m[39m[31m[1m^[22m[39m[31m[1m^[22m[39m[31m[1m^[22m[39m[31m[1m^[22m[39m[31m[1m^[22m[39m[31m[1m^[22m[39m[31m[1m^[22m[39m[31m[1m^[22m[39m[31m[1m^[22m[39m[31m[1m^[22m[39m[31m[1m^[22m[39m[31m[1m^[22m[39m[31m[1m^[22m[39m[31m[1m^[22m[39m[31m[1m^[22m[39m[31m[1m^[22m[39m[31m[1m^[22m[39m[31m[1m^[22m[39m[31m[1m^[22m[39m[31m[1m^[22m[39m[31m[1m^[22m[39m[31m[1m^[22m[39m[31m[1m^[22m[39m[31m[1m^[22m[39m[31m[1m^[22m[39m[31m[1m^[22m[39m[31m[1m^[22m[39m[31m[1m^[22m[39m[31m[1m^[22m[39m[31m[1m^[22m[39m[31m[1m^[22m[39m[31m[1m^[22m[39m[31m[1m^[22m[39m[31m[1m^[22m[39m[31m[1m^[22m[39m[31m[1m^[22m[39m[31m[1m^[22m[39m[31m[1m^[22m[39m[31m[1m^[22m[39m[31m[1m^[22m[39m[31m[1m^[22m[39m[31m[1m^[22m[39m[31m[1m^[22m[39m[31m[1m^[22m[39m[31m[1m^[22m[39m[31m[1m^[22m[39m[31m[1m^[22m[39m[31m[1m^[22m[39m[31m[1m^[22m[39m[31m[1m^[22m[39m[31m[1m^[22m[39m[31m[1m^[22m[39m[31m[1m^[22m[39m[31m[1m^[22m[39m[31m[1m^[22m[39m[31m[1m^[22m[39m[31m[1m^[22m[39m[31m[1m^[22m[39m[31m[1m^[22m[39m[31m[1m^[22m[39m[31m[1m^[22m[39m[31m[1m^[22m[39m[31m[1m^[22m[39m
 [90m 19 |[39m
 [90m 20 |[39m [36mimport[39m {
 [90m 21 |[39m   [33mDropdownMenu[39m[33m,[39m[0m

Import map: aliased to relative './src/lib/release-gate/ReleaseGatePdfExporter' inside of [project]/


Import traces:
  Client Component Browser:
    ./src/components/views/terminal/views/health/SystemHealthView.tsx [Client Component Browser]
    ./src/app/demo/health/page.tsx [Client Component Browser]
    ./src/app/demo/health/page.tsx [Server Component]

  Client Component SSR:
    ./src/components/views/terminal/views/health/SystemHealthView.tsx [Client Component SSR]
    ./src/app/demo/health/page.tsx [Client Component SSR]
    ./src/app/demo/health/page.tsx [Server Component]

https://nextjs.org/docs/messages/module-not-found


 GET /demo/health 500 in 4.6s (compile: 4.4s, render: 168ms)
