examples/websocket/frontend.tsx(4,20): error TS2307: Cannot find module 'socket.io-client' or its corresponding type declarations.
examples/websocket/server.ts(2,24): error TS2307: Cannot find module 'socket.io' or its corresponding type declarations.
skills/frontend-design/examples/typescript/sample-components.tsx(107,11): error TS2430: Interface 'InputProps' incorrectly extends interface 'InputHTMLAttributes<HTMLInputElement>'.
  Types of property 'size' are incompatible.
    Type '"lg" | "md" | "sm" | undefined' is not assignable to type 'number | undefined'.
      Type 'string' is not assignable to type 'number'.
skills/frontend-design/examples/typescript/theme-provider.tsx(237,54): error TS2503: Cannot find namespace 'JSX'.
src/app/login/page.tsx(79,13): error TS2345: Argument of type '{ id: any; email: any; full_name: any; role: any; store_id: any; is_active: any; created_at: any; updated_at: any; }' is not assignable to parameter of type 'User'.
  Property 'active_store_id' is missing in type '{ id: any; email: any; full_name: any; role: any; store_id: any; is_active: any; created_at: any; updated_at: any; }' but required in type 'User'.
src/components/CatalogView.tsx(388,43): error TS2345: Argument of type '{ id: any; name: any; cost_price: number; price: number; image_url: any; }' is not assignable to parameter of type 'never'.
src/components/CatalogView.tsx(449,13): error TS2353: Object literal may only specify known properties, and 'className' does not exist in type 'Action'.
src/components/CostProLogo.tsx(60,13): error TS2322: Type '{ hidden: { pathLength: number; opacity: number; }; visible: { pathLength: number; opacity: number; transition: { duration: number; ease: string; repeat: number; }; }; }' is not assignable to type 'Variants'.
  Property 'visible' is incompatible with index signature.
    Type '{ pathLength: number; opacity: number; transition: { duration: number; ease: string; repeat: number; }; }' is not assignable to type 'Variant'.
      Type '{ pathLength: number; opacity: number; transition: { duration: number; ease: string; repeat: number; }; }' is not assignable to type 'TargetAndTransition'.
        Type '{ pathLength: number; opacity: number; transition: { duration: number; ease: string; repeat: number; }; }' is not assignable to type '{ transition?: Transition<any> | undefined; transitionEnd?: ResolvedValues$1 | undefined; }'.
          Types of property 'transition' are incompatible.
            Type '{ duration: number; ease: string; repeat: number; }' is not assignable to type 'Transition<any> | undefined'.
              Type '{ duration: number; ease: string; repeat: number; }' is not assignable to type 'TransitionWithValueOverrides<any>'.
                Type '{ duration: number; ease: string; repeat: number; }' is not assignable to type 'ValueAnimationTransition<any>'.
                  Types of property 'ease' are incompatible.
                    Type 'string' is not assignable to type 'Easing | Easing[] | undefined'.
src/components/InventoryView.tsx(114,13): error TS2353: Object literal may only specify known properties, and 'className' does not exist in type 'Action'.
src/components/InventoryView.tsx(161,56): error TS2322: Type 'string | null' is not assignable to type 'string | number | readonly string[] | undefined'.
  Type 'null' is not assignable to type 'string | number | readonly string[] | undefined'.
src/components/ProductReceptionView.tsx(227,33): error TS2740: Type '{ id: any; name: any; cost_price: any; }' is missing the following properties from type 'Product': description, sku, price, image_url, and 9 more.
src/components/cost-sheets/CostSheetView.tsx(29,29): error TS2339: Property 'annexes' does not exist on type '{ calculatedValues: { [key: string]: CalculatedRowValue; }; annexTotals: { [key: string]: number; }; calculatedAnnexes: { data: any[]; id: string; title: string; columns: Column[]; }[]; }'.
src/components/theme-provider.tsx(5,41): error TS2307: Cannot find module 'next-themes/dist/types' or its corresponding type declarations.
src/components/ui/DataDecryption.tsx(18,38): error TS2353: Object literal may only specify known properties, and 'yoyo' does not exist in type 'Transition<any>'.
src/components/ui/ProductImage.tsx(48,9): error TS2322: Type 'string | null' is not assignable to type 'string | StaticImport'.
  Type 'null' is not assignable to type 'string | StaticImport'.
src/components/views/TerminalView.tsx(58,17): error TS2339: Property 'loading' does not exist on type 'AuthStore'.
src/components/views/TerminalView.tsx(362,20): error TS2304: Cannot find name 'Target'.
src/components/views/TerminalView.tsx(453,17): error TS2353: Object literal may only specify known properties, and 'className' does not exist in type 'Action'.
src/components/views/TerminalView.tsx(547,44): error TS2304: Cannot find name 'setSelectedPayment'.
src/components/views/TerminalView.tsx(550,31): error TS2304: Cannot find name 'selectedPayment'.
src/components/views/TerminalView.tsx(553,67): error TS2304: Cannot find name 'selectedPayment'.
src/components/views/TerminalView.tsx(557,44): error TS2304: Cannot find name 'setSelectedPayment'.
src/components/views/TerminalView.tsx(560,31): error TS2304: Cannot find name 'selectedPayment'.
src/components/views/TerminalView.tsx(563,67): error TS2304: Cannot find name 'selectedPayment'.
src/components/views/TerminalView.tsx(569,27): error TS2322: Type '(paymentMethod: PaymentMethod, checkoutDiscount?: { type: string; value: number; } | null) => Promise<void>' is not assignable to type 'MouseEventHandler<HTMLButtonElement>'.
  Types of parameters 'paymentMethod' and 'event' are incompatible.
    Type 'MouseEvent<HTMLButtonElement, MouseEvent>' is not assignable to type 'PaymentMethod'.
src/components/views/TerminalView.tsx(624,28): error TS2304: Cannot find name 'selectedCategory'.
src/components/views/TerminalView.tsx(625,38): error TS2304: Cannot find name 'setSelectedCategory'.
src/components/views/TerminalView.tsx(639,16): error TS2304: Cannot find name 'filteredProducts'.
src/components/views/TerminalView.tsx(640,17): error TS2304: Cannot find name 'filteredProducts'.
src/components/views/TerminalView.tsx(641,20): error TS2304: Cannot find name 'ProductCard'.
src/components/views/TerminalView.tsx(644,30): error TS2304: Cannot find name 'addToCart'.
src/components/views/TerminalView.tsx(649,20): error TS2304: Cannot find name 'Search'.
src/components/views/TerminalView.tsx(664,25): error TS2304: Cannot find name 'filteredProducts'.
src/components/views/TerminalView.tsx(665,28): error TS2304: Cannot find name 'addToCart'.
src/components/views/TerminalView.tsx(712,14): error TS2552: Cannot find name 'filteredTransactions'. Did you mean 'IDBTransaction'?
src/components/views/TerminalView.tsx(773,77): error TS2552: Cannot find name 'fetchMovements'. Did you mean 'setMovements'?
src/components/views/TerminalView.tsx(813,12): error TS2304: Cannot find name 'filteredMovements'.
src/components/views/TerminalView.tsx(817,52): error TS2304: Cannot find name 'ArrowUpRight'.
src/components/views/TerminalView.tsx(818,56): error TS2304: Cannot find name 'ArrowDownRight'.
src/components/views/TerminalView.tsx(819,21): error TS2304: Cannot find name 'ArrowUpDown'.
src/components/views/TerminalView.tsx(843,12): error TS2304: Cannot find name 'filteredMovements'.
src/components/views/TerminalView.tsx(896,22): error TS2304: Cannot find name 'filteredLogs'.
src/components/views/TerminalView.tsx(979,61): error TS2304: Cannot find name 'Layers'.
src/components/views/TerminalView.tsx(1080,14): error TS2304: Cannot find name 'filteredUsers'.
src/components/views/TerminalView.tsx(1148,10): error TS2304: Cannot find name 'filteredStores'.
src/components/views/TerminalView.tsx(1153,24): error TS2322: Type 'string | null' is not assignable to type 'string | Blob | undefined'.
  Type 'null' is not assignable to type 'string | Blob | undefined'.
src/components/views/TerminalView.tsx(1175,20): error TS2304: Cannot find name 'Target'.
src/components/views/TerminalView.tsx(1225,38): error TS2304: Cannot find name 'setTheme'.
src/components/views/TerminalView.tsx(1225,100): error TS2304: Cannot find name 'theme'.
src/components/views/TerminalView.tsx(1226,38): error TS2304: Cannot find name 'setTheme'.
src/components/views/TerminalView.tsx(1226,99): error TS2304: Cannot find name 'theme'.
src/components/views/TerminalView.tsx(1227,38): error TS2304: Cannot find name 'setTheme'.
src/components/views/TerminalView.tsx(1227,100): error TS2304: Cannot find name 'theme'.
src/components/views/TerminalView.tsx(1268,124): error TS2322: Type '(item: CartItem) => void' is not assignable to type '(product: Product) => void'.
  Types of parameters 'item' and 'product' are incompatible.
    Type 'Product' is missing the following properties from type 'CartItem': product_id, variant_id, product, variant, and 3 more.
src/components/views/TerminalView.tsx(1274,442): error TS2322: Type 'string | null' is not assignable to type 'string | undefined'.
  Type 'null' is not assignable to type 'string | undefined'.
src/components/views/TerminalView.tsx(1274,457): error TS18047: 'user' is possibly 'null'.
src/components/views/TerminalView.tsx(1274,488): error TS18047: 'user' is possibly 'null'.
src/components/views/TerminalView.tsx(1322,23): error TS2304: Cannot find name 'setSidebarOpen'.
src/components/views/terminal/POSView.tsx(245,41): error TS2322: Type 'string | null' is not assignable to type 'string | number | readonly string[] | undefined'.
  Type 'null' is not assignable to type 'string | number | readonly string[] | undefined'.
src/components/views/terminal/StoresManagementView.tsx(53,24): error TS2322: Type 'string | null' is not assignable to type 'string | Blob | undefined'.
  Type 'null' is not assignable to type 'string | Blob | undefined'.
src/components/views/terminal/StoresManagementView.tsx(53,45): error TS2345: Argument of type 'Store' is not assignable to parameter of type 'string'.
src/lib/db.ts(1,10): error TS2305: Module '"@prisma/client"' has no exported member 'PrismaClient'.
npm notice
npm notice New minor version of npm available! 11.6.2 -> 11.8.0
npm notice Changelog: https://github.com/npm/cli/releases/tag/v11.8.0
npm notice To update run: npm install -g npm@11.8.0
npm notice
TSC failed with exit code 2
